<?xml version="1.0" encoding="UTF-8"?>
<!-- Generated by org.testng.reporters.JUnitXMLReporter -->
<testsuite ignored="0" hostname="Pawan" failures="0" tests="4" name="Default test" time="5.567" errors="0" timestamp="2023-07-14T19:56:01 PDT">
  <testcase classname="api.test.UserTest" name="testPostUser" time="3.038"/>
  <testcase classname="api.test.UserTest" name="testGetUser" time="1.227"/>
  <testcase classname="api.test.UserTest" name="testUpdateUser" time="0.439"/>
  <testcase classname="api.test.UserTest" name="testDeleteUser" time="0.44"/>
</testsuite> <!-- Default test -->
