<?xml version="1.0" encoding="UTF-8"?>
<!-- Generated by org.testng.reporters.JUnitXMLReporter -->
<testsuite ignored="0" hostname="Pawan" failures="0" tests="10" name="Test" time="9.969" errors="0" timestamp="2023-07-15T16:44:03 PDT">
  <testcase classname="api.test.UserTest" name="testPostUser" time="2.587"/>
  <testcase classname="api.test.UserTest" name="testGetUser" time="1.206"/>
  <testcase classname="api.test.UserTest" name="testUpdateUser" time="0.465"/>
  <testcase classname="api.test.UserTest" name="testDeleteUser" time="0.468"/>
  <testcase classname="api.test.DDTests" name="testCreateUser" time="0.471"/>
  <testcase classname="api.test.DDTests" name="testCreateUser" time="0.448"/>
  <testcase classname="api.test.DDTests" name="testCreateUser" time="0.488"/>
  <testcase classname="api.test.DDTests" name="testDeleteUser" time="0.468"/>
  <testcase classname="api.test.DDTests" name="testDeleteUser" time="0.458"/>
  <testcase classname="api.test.DDTests" name="testDeleteUser" time="0.41"/>
</testsuite> <!-- Test -->
