<?xml version="1.0" encoding="UTF-8"?>
<!-- Generated by org.testng.reporters.JUnitXMLReporter -->
<testsuite ignored="0" hostname="Pawan" failures="0" tests="10" name="Test" time="10.019" errors="0" timestamp="2023-07-15T17:15:49 PDT">
  <testcase classname="api.test.UserTest" name="testPostUser" time="2.657"/>
  <testcase classname="api.test.UserTest" name="testGetUser" time="1.361"/>
  <testcase classname="api.test.UserTest" name="testUpdateUser" time="0.472"/>
  <testcase classname="api.test.UserTest" name="testDeleteUser" time="0.431"/>
  <testcase classname="api.test.DDTests" name="testCreateUser" time="0.474"/>
  <testcase classname="api.test.DDTests" name="testCreateUser" time="0.428"/>
  <testcase classname="api.test.DDTests" name="testCreateUser" time="0.428"/>
  <testcase classname="api.test.DDTests" name="testDeleteUser" time="0.452"/>
  <testcase classname="api.test.DDTests" name="testDeleteUser" time="0.439"/>
  <testcase classname="api.test.DDTests" name="testDeleteUser" time="0.429"/>
</testsuite> <!-- Test -->
