<?xml version="1.0" encoding="UTF-8"?>
<testng-results ignored="0" total="10" passed="10" failed="0" skipped="0">
  <reporter-output>
  </reporter-output>
  <suite started-at="2023-07-15T17:15:39 PDT" name="Suite" finished-at="2023-07-15T17:15:49 PDT" duration-ms="10019">
    <groups>
    </groups>
    <test started-at="2023-07-15T17:15:39 PDT" name="Test" finished-at="2023-07-15T17:15:49 PDT" duration-ms="10019">
      <class name="api.test.UserTest">
        <test-method is-config="true" signature="setup()[pri:0, instance:api.test.UserTest@659a969b]" started-at="2023-07-15T17:15:39 PDT" name="setup" finished-at="2023-07-15T17:15:39 PDT" duration-ms="379" status="PASS">
          <reporter-output>
          </reporter-output>
        </test-method> <!-- setup -->
        <test-method signature="testPostUser()[pri:1, instance:api.test.UserTest@659a969b]" started-at="2023-07-15T17:15:40 PDT" name="testPostUser" finished-at="2023-07-15T17:15:42 PDT" duration-ms="2657" status="PASS">
          <reporter-output>
          </reporter-output>
        </test-method> <!-- testPostUser -->
        <test-method signature="testGetUser()[pri:2, instance:api.test.UserTest@659a969b]" started-at="2023-07-15T17:15:42 PDT" name="testGetUser" finished-at="2023-07-15T17:15:44 PDT" depends-on-methods="api.test.UserTest.testPostUser" duration-ms="1361" status="PASS">
          <reporter-output>
          </reporter-output>
        </test-method> <!-- testGetUser -->
        <test-method signature="testUpdateUser()[pri:3, instance:api.test.UserTest@659a969b]" started-at="2023-07-15T17:15:44 PDT" name="testUpdateUser" finished-at="2023-07-15T17:15:44 PDT" depends-on-methods="api.test.UserTest.testPostUser" duration-ms="472" status="PASS">
          <reporter-output>
          </reporter-output>
        </test-method> <!-- testUpdateUser -->
        <test-method signature="testDeleteUser()[pri:4, instance:api.test.UserTest@659a969b]" started-at="2023-07-15T17:15:44 PDT" name="testDeleteUser" finished-at="2023-07-15T17:15:44 PDT" depends-on-methods="api.test.UserTest.testPostUser" duration-ms="431" status="PASS">
          <reporter-output>
          </reporter-output>
        </test-method> <!-- testDeleteUser -->
      </class> <!-- api.test.UserTest -->
      <class name="api.test.DDTests">
        <test-method signature="testCreateUser(java.lang.String,java.lang.String,java.lang.String,java.lang.String,java.lang.String,java.lang.String,java.lang.String)[pri:1, instance:api.test.DDTests@be64738]" started-at="2023-07-15T17:15:46 PDT" name="testCreateUser" data-provider="Data" finished-at="2023-07-15T17:15:46 PDT" duration-ms="474" status="PASS">
          <params>
            <param index="0">
              <value>
                <![CDATA[123]]>
              </value>
            </param>
            <param index="1">
              <value>
                <![CDATA[Pawan.rai]]>
              </value>
            </param>
            <param index="2">
              <value>
                <![CDATA[Pawan]]>
              </value>
            </param>
            <param index="3">
              <value>
                <![CDATA[Rai]]>
              </value>
            </param>
            <param index="4">
              <value>
                <![CDATA[test1@gmail.com]]>
              </value>
            </param>
            <param index="5">
              <value>
                <![CDATA[Test1234]]>
              </value>
            </param>
            <param index="6">
              <value>
                <![CDATA[9876543210]]>
              </value>
            </param>
          </params>
          <reporter-output>
          </reporter-output>
        </test-method> <!-- testCreateUser -->
        <test-method signature="testCreateUser(java.lang.String,java.lang.String,java.lang.String,java.lang.String,java.lang.String,java.lang.String,java.lang.String)[pri:1, instance:api.test.DDTests@be64738]" started-at="2023-07-15T17:15:46 PDT" name="testCreateUser" data-provider="Data" finished-at="2023-07-15T17:15:47 PDT" duration-ms="428" status="PASS">
          <params>
            <param index="0">
              <value>
                <![CDATA[345]]>
              </value>
            </param>
            <param index="1">
              <value>
                <![CDATA[Himanshi.sharma]]>
              </value>
            </param>
            <param index="2">
              <value>
                <![CDATA[Himanshi]]>
              </value>
            </param>
            <param index="3">
              <value>
                <![CDATA[Sharma]]>
              </value>
            </param>
            <param index="4">
              <value>
                <![CDATA[test2@gmail.com]]>
              </value>
            </param>
            <param index="5">
              <value>
                <![CDATA[Test12345]]>
              </value>
            </param>
            <param index="6">
              <value>
                <![CDATA[9876541110]]>
              </value>
            </param>
          </params>
          <reporter-output>
          </reporter-output>
        </test-method> <!-- testCreateUser -->
        <test-method signature="testCreateUser(java.lang.String,java.lang.String,java.lang.String,java.lang.String,java.lang.String,java.lang.String,java.lang.String)[pri:1, instance:api.test.DDTests@be64738]" started-at="2023-07-15T17:15:47 PDT" name="testCreateUser" data-provider="Data" finished-at="2023-07-15T17:15:47 PDT" duration-ms="428" status="PASS">
          <params>
            <param index="0">
              <value>
                <![CDATA[145]]>
              </value>
            </param>
            <param index="1">
              <value>
                <![CDATA[Kanishk.Sharma]]>
              </value>
            </param>
            <param index="2">
              <value>
                <![CDATA[Kanishk]]>
              </value>
            </param>
            <param index="3">
              <value>
                <![CDATA[Sharma]]>
              </value>
            </param>
            <param index="4">
              <value>
                <![CDATA[test3@gmail.com]]>
              </value>
            </param>
            <param index="5">
              <value>
                <![CDATA[Test@123456]]>
              </value>
            </param>
            <param index="6">
              <value>
                <![CDATA[1234567890]]>
              </value>
            </param>
          </params>
          <reporter-output>
          </reporter-output>
        </test-method> <!-- testCreateUser -->
        <test-method signature="testDeleteUser(java.lang.String)[pri:2, instance:api.test.DDTests@be64738]" started-at="2023-07-15T17:15:47 PDT" name="testDeleteUser" data-provider="UserNames" finished-at="2023-07-15T17:15:48 PDT" depends-on-methods="api.test.DDTests.testCreateUser" duration-ms="452" status="PASS">
          <params>
            <param index="0">
              <value>
                <![CDATA[Pawan.rai]]>
              </value>
            </param>
          </params>
          <reporter-output>
          </reporter-output>
        </test-method> <!-- testDeleteUser -->
        <test-method signature="testDeleteUser(java.lang.String)[pri:2, instance:api.test.DDTests@be64738]" started-at="2023-07-15T17:15:48 PDT" name="testDeleteUser" data-provider="UserNames" finished-at="2023-07-15T17:15:48 PDT" depends-on-methods="api.test.DDTests.testCreateUser" duration-ms="439" status="PASS">
          <params>
            <param index="0">
              <value>
                <![CDATA[Himanshi.sharma]]>
              </value>
            </param>
          </params>
          <reporter-output>
          </reporter-output>
        </test-method> <!-- testDeleteUser -->
        <test-method signature="testDeleteUser(java.lang.String)[pri:2, instance:api.test.DDTests@be64738]" started-at="2023-07-15T17:15:48 PDT" name="testDeleteUser" data-provider="UserNames" finished-at="2023-07-15T17:15:49 PDT" depends-on-methods="api.test.DDTests.testCreateUser" duration-ms="429" status="PASS">
          <params>
            <param index="0">
              <value>
                <![CDATA[Kanishk.Sharma]]>
              </value>
            </param>
          </params>
          <reporter-output>
          </reporter-output>
        </test-method> <!-- testDeleteUser -->
      </class> <!-- api.test.DDTests -->
    </test> <!-- Test -->
  </suite> <!-- Suite -->
</testng-results>
